nohup: ignoring input
2015-09-21T10:25:13.841Z - [32minfo[39m: fetching repo tradespider-docker
2015-09-21T10:25:28.875Z - [32minfo[39m: fetching repo tradespider-docker
2015-09-21T10:25:43.884Z - [32minfo[39m: fetching repo tradespider-docker
2015-09-21T10:25:58.892Z - [32minfo[39m: fetching repo tradespider-docker
2015-09-21T10:26:13.895Z - [32minfo[39m: fetching repo tradespider-docker
2015-09-21T10:26:28.902Z - [32minfo[39m: fetching repo tradespider-docker
2015-09-21T10:26:43.908Z - [32minfo[39m: fetching repo tradespider-docker
2015-09-21T10:26:58.913Z - [32minfo[39m: fetching repo tradespider-docker
2015-09-21T10:27:13.919Z - [32minfo[39m: fetching repo tradespider-docker
2015-09-21T10:27:28.925Z - [32minfo[39m: fetching repo tradespider-docker
2015-09-21T10:27:29.981Z - [32minfo[39m: found deploy issue /hgdharold/tradespider-docker/issues/8
2015-09-21T10:27:29.981Z - [32minfo[39m: assigning to self(hgdharold)
2015-09-21T10:27:29.983Z - [32minfo[39m: posting a comment
2015-09-21T10:27:31.064Z - [32minfo[39m: deploying /hgdharold/tradespider-docker/issues/8#deploy
2015-09-21T10:27:43.930Z - [32minfo[39m: fetching repo tradespider-docker
2015-09-21T10:27:58.931Z - [32minfo[39m: fetching repo tradespider-docker
2015-09-21T10:28:13.937Z - [32minfo[39m: fetching repo tradespider-docker
2015-09-21T10:28:28.943Z - [32minfo[39m: fetching repo tradespider-docker
2015-09-21T10:28:43.947Z - [32minfo[39m: fetching repo tradespider-docker
2015-09-21T10:28:58.954Z - [32minfo[39m: fetching repo tradespider-docker
2015-09-21T10:29:13.959Z - [32minfo[39m: fetching repo tradespider-docker
2015-09-21T10:29:28.966Z - [32minfo[39m: fetching repo tradespider-docker
2015-09-21T10:29:43.973Z - [32minfo[39m: fetching repo tradespider-docker
2015-09-21T10:29:58.979Z - [32minfo[39m: fetching repo tradespider-docker
2015-09-21T10:30:13.983Z - [32minfo[39m: fetching repo tradespider-docker
2015-09-21T10:30:28.992Z - [32minfo[39m: fetching repo tradespider-docker
2015-09-21T10:30:43.999Z - [32minfo[39m: fetching repo tradespider-docker
2015-09-21T10:30:59.005Z - [32minfo[39m: fetching repo tradespider-docker
2015-09-21T10:31:14.011Z - [32minfo[39m: fetching repo tradespider-docker
2015-09-21T10:31:29.017Z - [32minfo[39m: fetching repo tradespider-docker
2015-09-21T10:31:44.023Z - [32minfo[39m: fetching repo tradespider-docker
2015-09-21T10:31:59.029Z - [32minfo[39m: fetching repo tradespider-docker
2015-09-21T10:32:14.036Z - [32minfo[39m: fetching repo tradespider-docker
2015-09-21T10:32:29.042Z - [32minfo[39m: fetching repo tradespider-docker
2015-09-21T10:32:44.048Z - [32minfo[39m: fetching repo tradespider-docker
